[ 2023-01-25 01:37:06 ] Server started
[ 2023-01-25 01:37:15 ] Authorized new socket: gi
[ 2023-01-25 01:37:16 ] [gi] hi
[ 2023-01-25 01:37:25 ] Authorized new socket: bi hi
[ 2023-01-25 01:37:27 ] [bi hi] hi
[ 2023-01-25 01:37:30 ] [bi hi] grg
[ 2023-01-25 01:37:31 ] [bi hi] rr
[ 2023-01-25 01:37:33 ] [gi] rr
[ 2023-01-25 01:38:53 ] Server started
[ 2023-01-25 01:39:04 ] Authorized new socket: vika
[ 2023-01-25 01:39:06 ] [vika] hi
[ 2023-01-25 01:39:11 ] Authorized new socket: nika
[ 2023-01-25 01:39:13 ] [nika] hi
[ 2023-01-25 01:47:39 ] Server started
[ 2023-01-25 01:49:27 ] Authorized new socket: Vika
[ 2023-01-25 01:50:25 ] [Vika] Hi!
[ 2023-01-25 01:50:57 ] Authorized new socket: Nika
[ 2023-01-25 01:51:00 ] [Nika] Hello!
[ 2023-01-25 01:51:13 ] [Nika] How are you?
[ 2023-01-25 01:51:26 ] [Vika] I`m fine! Thanks!
[ 2023-01-25 01:51:34 ] [Vika] And you?
[ 2023-01-25 01:51:41 ] [Nika] Me too
[ 2023-01-25 01:52:18 ] [Nika] See you later!
[ 2023-01-25 01:52:32 ] [Vika] Bye!
[ 2023-01-25 01:52:32 ] [Vika] 
